[2025-02-07 11:22:50] local.ERROR: The C:\Gabriel\Codes\Hotel\apiEcommerce\bootstrap\cache directory must be present and writable. {"exception":"[object] (Exception(code: 0): The C:\\Gabriel\\Codes\\Hotel\\apiEcommerce\\bootstrap\\cache directory must be present and writable. at C:\\Gabriel\\Codes\\Hotel\\apiEcommerce\\vendor\\laravel\\framework\\src\\Illuminate\\Foundation\\PackageManifest.php:179)
[stacktrace]
#0 C:\\Gabriel\\Codes\\Hotel\\apiEcommerce\\vendor\\laravel\\framework\\src\\Illuminate\\Foundation\\PackageManifest.php(132): Illuminate\\Foundation\\PackageManifest->write()
#1 C:\\Gabriel\\Codes\\Hotel\\apiEcommerce\\vendor\\laravel\\framework\\src\\Illuminate\\Foundation\\PackageManifest.php(108): Illuminate\\Foundation\\PackageManifest->build()
#2 C:\\Gabriel\\Codes\\Hotel\\apiEcommerce\\vendor\\laravel\\framework\\src\\Illuminate\\Foundation\\PackageManifest.php(91): Illuminate\\Foundation\\PackageManifest->getManifest()
#3 C:\\Gabriel\\Codes\\Hotel\\apiEcommerce\\vendor\\laravel\\framework\\src\\Illuminate\\Foundation\\PackageManifest.php(80): Illuminate\\Foundation\\PackageManifest->config()
#4 C:\\Gabriel\\Codes\\Hotel\\apiEcommerce\\vendor\\laravel\\framework\\src\\Illuminate\\Foundation\\Bootstrap\\RegisterFacades.php(26): Illuminate\\Foundation\\PackageManifest->aliases()
#5 C:\\Gabriel\\Codes\\Hotel\\apiEcommerce\\vendor\\laravel\\framework\\src\\Illuminate\\Foundation\\Application.php(319): Illuminate\\Foundation\\Bootstrap\\RegisterFacades->bootstrap()
#6 C:\\Gabriel\\Codes\\Hotel\\apiEcommerce\\vendor\\laravel\\framework\\src\\Illuminate\\Foundation\\Console\\Kernel.php(474): Illuminate\\Foundation\\Application->bootstrapWith()
#7 C:\\Gabriel\\Codes\\Hotel\\apiEcommerce\\vendor\\laravel\\framework\\src\\Illuminate\\Foundation\\Console\\Kernel.php(196): Illuminate\\Foundation\\Console\\Kernel->bootstrap()
#8 C:\\Gabriel\\Codes\\Hotel\\apiEcommerce\\vendor\\laravel\\framework\\src\\Illuminate\\Foundation\\Application.php(1208): Illuminate\\Foundation\\Console\\Kernel->handle()
#9 C:\\Gabriel\\Codes\\Hotel\\apiEcommerce\\artisan(13): Illuminate\\Foundation\\Application->handleCommand()
#10 {main}
"} 
[2025-02-07 15:23:32] local.ERROR: The C:\Gabriel\Codes\Hotel\apiEcommerce\bootstrap\cache directory must be present and writable. {"exception":"[object] (Exception(code: 0): The C:\\Gabriel\\Codes\\Hotel\\apiEcommerce\\bootstrap\\cache directory must be present and writable. at C:\\Gabriel\\Codes\\Hotel\\apiEcommerce\\vendor\\laravel\\framework\\src\\Illuminate\\Foundation\\PackageManifest.php:179)
[stacktrace]
#0 C:\\Gabriel\\Codes\\Hotel\\apiEcommerce\\vendor\\laravel\\framework\\src\\Illuminate\\Foundation\\PackageManifest.php(132): Illuminate\\Foundation\\PackageManifest->write()
#1 C:\\Gabriel\\Codes\\Hotel\\apiEcommerce\\vendor\\laravel\\framework\\src\\Illuminate\\Foundation\\PackageManifest.php(108): Illuminate\\Foundation\\PackageManifest->build()
#2 C:\\Gabriel\\Codes\\Hotel\\apiEcommerce\\vendor\\laravel\\framework\\src\\Illuminate\\Foundation\\PackageManifest.php(91): Illuminate\\Foundation\\PackageManifest->getManifest()
#3 C:\\Gabriel\\Codes\\Hotel\\apiEcommerce\\vendor\\laravel\\framework\\src\\Illuminate\\Foundation\\PackageManifest.php(80): Illuminate\\Foundation\\PackageManifest->config()
#4 C:\\Gabriel\\Codes\\Hotel\\apiEcommerce\\vendor\\laravel\\framework\\src\\Illuminate\\Foundation\\Bootstrap\\RegisterFacades.php(26): Illuminate\\Foundation\\PackageManifest->aliases()
#5 C:\\Gabriel\\Codes\\Hotel\\apiEcommerce\\vendor\\laravel\\framework\\src\\Illuminate\\Foundation\\Application.php(319): Illuminate\\Foundation\\Bootstrap\\RegisterFacades->bootstrap()
#6 C:\\Gabriel\\Codes\\Hotel\\apiEcommerce\\vendor\\laravel\\framework\\src\\Illuminate\\Foundation\\Console\\Kernel.php(474): Illuminate\\Foundation\\Application->bootstrapWith()
#7 C:\\Gabriel\\Codes\\Hotel\\apiEcommerce\\vendor\\laravel\\framework\\src\\Illuminate\\Foundation\\Console\\Kernel.php(196): Illuminate\\Foundation\\Console\\Kernel->bootstrap()
#8 C:\\Gabriel\\Codes\\Hotel\\apiEcommerce\\vendor\\laravel\\framework\\src\\Illuminate\\Foundation\\Application.php(1208): Illuminate\\Foundation\\Console\\Kernel->handle()
#9 C:\\Gabriel\\Codes\\Hotel\\apiEcommerce\\artisan(13): Illuminate\\Foundation\\Application->handleCommand()
#10 {main}
"} 
[2025-02-07 15:23:48] local.ERROR: The C:\Gabriel\Codes\Hotel\apiEcommerce\bootstrap\cache directory must be present and writable. {"exception":"[object] (Exception(code: 0): The C:\\Gabriel\\Codes\\Hotel\\apiEcommerce\\bootstrap\\cache directory must be present and writable. at C:\\Gabriel\\Codes\\Hotel\\apiEcommerce\\vendor\\laravel\\framework\\src\\Illuminate\\Foundation\\PackageManifest.php:179)
[stacktrace]
#0 C:\\Gabriel\\Codes\\Hotel\\apiEcommerce\\vendor\\laravel\\framework\\src\\Illuminate\\Foundation\\PackageManifest.php(132): Illuminate\\Foundation\\PackageManifest->write()
#1 C:\\Gabriel\\Codes\\Hotel\\apiEcommerce\\vendor\\laravel\\framework\\src\\Illuminate\\Foundation\\PackageManifest.php(108): Illuminate\\Foundation\\PackageManifest->build()
#2 C:\\Gabriel\\Codes\\Hotel\\apiEcommerce\\vendor\\laravel\\framework\\src\\Illuminate\\Foundation\\PackageManifest.php(91): Illuminate\\Foundation\\PackageManifest->getManifest()
#3 C:\\Gabriel\\Codes\\Hotel\\apiEcommerce\\vendor\\laravel\\framework\\src\\Illuminate\\Foundation\\PackageManifest.php(80): Illuminate\\Foundation\\PackageManifest->config()
#4 C:\\Gabriel\\Codes\\Hotel\\apiEcommerce\\vendor\\laravel\\framework\\src\\Illuminate\\Foundation\\Bootstrap\\RegisterFacades.php(26): Illuminate\\Foundation\\PackageManifest->aliases()
#5 C:\\Gabriel\\Codes\\Hotel\\apiEcommerce\\vendor\\laravel\\framework\\src\\Illuminate\\Foundation\\Application.php(319): Illuminate\\Foundation\\Bootstrap\\RegisterFacades->bootstrap()
#6 C:\\Gabriel\\Codes\\Hotel\\apiEcommerce\\vendor\\laravel\\framework\\src\\Illuminate\\Foundation\\Console\\Kernel.php(474): Illuminate\\Foundation\\Application->bootstrapWith()
#7 C:\\Gabriel\\Codes\\Hotel\\apiEcommerce\\vendor\\laravel\\framework\\src\\Illuminate\\Foundation\\Console\\Kernel.php(196): Illuminate\\Foundation\\Console\\Kernel->bootstrap()
#8 C:\\Gabriel\\Codes\\Hotel\\apiEcommerce\\vendor\\laravel\\framework\\src\\Illuminate\\Foundation\\Application.php(1208): Illuminate\\Foundation\\Console\\Kernel->handle()
#9 C:\\Gabriel\\Codes\\Hotel\\apiEcommerce\\artisan(13): Illuminate\\Foundation\\Application->handleCommand()
#10 {main}
"} 
