[2025-02-04 02:05:37] local.INFO: Vai procurar o quarto pelo cliente e se está ativo  
[2025-02-04 02:05:37] local.INFO: Vai procurar o quarto pelo cliente e se está ativo  
[2025-02-04 02:05:38] local.INFO: Vai procurar o quarto pelo cliente e se está ativo  
[2025-02-04 02:05:49] local.INFO: Vai procurar o quarto pelo cliente e se está ativo  
[2025-02-04 02:05:50] local.INFO: Vai procurar o quarto pelo cliente e se está ativo  
[2025-02-04 02:09:15] local.INFO: Vai procurar o quarto pelo número dele e se está ativo ou inativo  
[2025-02-04 02:09:15] local.INFO: Vai procurar o quarto pelo cliente e se está ativo  
[2025-02-04 02:09:15] local.INFO: Dados de entrada:1  
[2025-02-04 02:09:15] local.INFO: Quarto encontrado: 
[{"id":1,"customer_id":1,"customer":"Laura Refosco","number_room":"1","start_period":"2023-01-30","end_period":"2024-01-30","active":1,"created_at":"2025-02-04T02:05:37.000000Z","updated_at":"2025-02-04T02:05:37.000000Z"},{"id":2,"customer_id":3,"customer":"Jo\u00e3o Lodi","number_room":"1","start_period":"2023-01-30","end_period":"2024-01-30","active":1,"created_at":"2025-02-04T02:05:37.000000Z","updated_at":"2025-02-04T02:05:37.000000Z"},{"id":3,"customer_id":4,"customer":"Jo\u00e3o Lodi","number_room":"1","start_period":"2023-01-30","end_period":"2024-01-30","active":1,"created_at":"2025-02-04T02:05:38.000000Z","updated_at":"2025-02-04T02:05:38.000000Z"},{"id":4,"customer_id":2,"customer":"Gabriel Refosco","number_room":"1","start_period":"2023-01-30","end_period":"2024-01-30","active":1,"created_at":"2025-02-04T02:05:49.000000Z","updated_at":"2025-02-04T02:05:49.000000Z"}]  
[2025-02-04 02:09:15] local.INFO: Vai zerar os clientes  
[2025-02-04 02:09:15] local.INFO: Vai colocar a capacidade do quarto - 1  
[2025-02-04 02:09:15] local.INFO: {"id":1,"capacity":3,"price_for_night":30,"busy":1,"number_room":"1","created_at":"2025-02-04T02:04:42.000000Z","updated_at":"2025-02-04T02:09:15.000000Z"}  
[2025-02-04 02:09:15] local.INFO: Vai calcular o count->active  
[2025-02-04 02:09:15] local.INFO: Chamou o countActive  
[2025-02-04 02:09:15] local.INFO: Chamou o countActive  
[2025-02-04 02:09:15] local.INFO: Chamou o countActive  
[2025-02-04 02:09:15] local.INFO: Chamou o countActive  
[2025-02-04 02:09:53] local.INFO: Vai procurar o quarto pelo número dele e se está ativo ou inativo  
[2025-02-04 02:09:53] local.INFO: Vai procurar o quarto pelo cliente e se está ativo  
[2025-02-04 02:09:53] local.INFO: Dados de entrada:1  
[2025-02-04 02:09:53] local.INFO: Quarto encontrado: 
[{"id":1,"customer_id":1,"customer":"Laura Refosco","number_room":"1","start_period":"2023-01-30","end_period":"2024-01-30","active":0,"created_at":"2025-02-04T02:05:37.000000Z","updated_at":"2025-02-04T02:09:15.000000Z"},{"id":2,"customer_id":3,"customer":"Jo\u00e3o Lodi","number_room":"1","start_period":"2023-01-30","end_period":"2024-01-30","active":1,"created_at":"2025-02-04T02:05:37.000000Z","updated_at":"2025-02-04T02:05:37.000000Z"},{"id":3,"customer_id":4,"customer":"Jo\u00e3o Lodi","number_room":"1","start_period":"2023-01-30","end_period":"2024-01-30","active":1,"created_at":"2025-02-04T02:05:38.000000Z","updated_at":"2025-02-04T02:05:38.000000Z"},{"id":4,"customer_id":2,"customer":"Gabriel Refosco","number_room":"1","start_period":"2023-01-30","end_period":"2024-01-30","active":1,"created_at":"2025-02-04T02:05:49.000000Z","updated_at":"2025-02-04T02:05:49.000000Z"}]  
[2025-02-04 02:09:53] local.INFO: Vai zerar os clientes  
[2025-02-04 02:09:53] local.INFO: Vai colocar a capacidade do quarto - 1  
[2025-02-04 02:09:53] local.INFO: {"id":1,"capacity":3,"price_for_night":30,"busy":1,"number_room":"1","created_at":"2025-02-04T02:04:42.000000Z","updated_at":"2025-02-04T02:09:15.000000Z"}  
[2025-02-04 02:09:53] local.INFO: Vai calcular o count->active  
[2025-02-04 02:09:53] local.INFO: Chamou o countActive  
[2025-02-04 02:09:53] local.INFO: Chamou o countActive  
[2025-02-04 02:09:53] local.INFO: Chamou o countActive  
[2025-02-04 02:09:53] local.INFO: Chamou o countActive  
[2025-02-04 02:10:05] local.INFO: Vai procurar o quarto pelo número dele e se está ativo ou inativo  
[2025-02-04 02:10:05] local.INFO: Vai procurar o quarto pelo cliente e se está ativo  
[2025-02-04 02:10:05] local.INFO: Dados de entrada:1  
[2025-02-04 02:10:05] local.INFO: Quarto encontrado: 
[{"id":1,"customer_id":1,"customer":"Laura Refosco","number_room":"1","start_period":"2023-01-30","end_period":"2024-01-30","active":0,"created_at":"2025-02-04T02:05:37.000000Z","updated_at":"2025-02-04T02:09:15.000000Z"},{"id":2,"customer_id":3,"customer":"Jo\u00e3o Lodi","number_room":"1","start_period":"2023-01-30","end_period":"2024-01-30","active":1,"created_at":"2025-02-04T02:05:37.000000Z","updated_at":"2025-02-04T02:05:37.000000Z"},{"id":3,"customer_id":4,"customer":"Jo\u00e3o Lodi","number_room":"1","start_period":"2023-01-30","end_period":"2024-01-30","active":1,"created_at":"2025-02-04T02:05:38.000000Z","updated_at":"2025-02-04T02:05:38.000000Z"},{"id":4,"customer_id":2,"customer":"Gabriel Refosco","number_room":"1","start_period":"2023-01-30","end_period":"2024-01-30","active":0,"created_at":"2025-02-04T02:05:49.000000Z","updated_at":"2025-02-04T02:09:53.000000Z"}]  
[2025-02-04 02:10:05] local.INFO: Vai zerar os clientes  
[2025-02-04 02:10:05] local.INFO: Vai colocar a capacidade do quarto - 1  
[2025-02-04 02:10:05] local.INFO: {"id":1,"capacity":3,"price_for_night":30,"busy":1,"number_room":"1","created_at":"2025-02-04T02:04:42.000000Z","updated_at":"2025-02-04T02:09:15.000000Z"}  
[2025-02-04 02:10:05] local.INFO: Vai calcular o count->active  
[2025-02-04 02:10:05] local.INFO: Chamou o countActive  
[2025-02-04 02:10:05] local.INFO: Chamou o countActive  
[2025-02-04 02:10:05] local.INFO: Chamou o countActive  
[2025-02-04 02:10:05] local.INFO: Chamou o countActive  
[2025-02-04 02:10:09] local.INFO: Vai procurar o quarto pelo número dele e se está ativo ou inativo  
[2025-02-04 02:10:09] local.INFO: Vai procurar o quarto pelo cliente e se está ativo  
[2025-02-04 02:10:09] local.INFO: Dados de entrada:1  
[2025-02-04 02:10:09] local.INFO: Quarto encontrado: 
[{"id":1,"customer_id":1,"customer":"Laura Refosco","number_room":"1","start_period":"2023-01-30","end_period":"2024-01-30","active":0,"created_at":"2025-02-04T02:05:37.000000Z","updated_at":"2025-02-04T02:09:15.000000Z"},{"id":2,"customer_id":3,"customer":"Jo\u00e3o Lodi","number_room":"1","start_period":"2023-01-30","end_period":"2024-01-30","active":0,"created_at":"2025-02-04T02:05:37.000000Z","updated_at":"2025-02-04T02:10:05.000000Z"},{"id":3,"customer_id":4,"customer":"Jo\u00e3o Lodi","number_room":"1","start_period":"2023-01-30","end_period":"2024-01-30","active":1,"created_at":"2025-02-04T02:05:38.000000Z","updated_at":"2025-02-04T02:05:38.000000Z"},{"id":4,"customer_id":2,"customer":"Gabriel Refosco","number_room":"1","start_period":"2023-01-30","end_period":"2024-01-30","active":0,"created_at":"2025-02-04T02:05:49.000000Z","updated_at":"2025-02-04T02:09:53.000000Z"}]  
[2025-02-04 02:10:09] local.INFO: Vai zerar os clientes  
[2025-02-04 02:10:09] local.INFO: Vai colocar a capacidade do quarto - 1  
[2025-02-04 02:10:09] local.INFO: {"id":1,"capacity":3,"price_for_night":30,"busy":1,"number_room":"1","created_at":"2025-02-04T02:04:42.000000Z","updated_at":"2025-02-04T02:09:15.000000Z"}  
[2025-02-04 02:10:09] local.INFO: Vai calcular o count->active  
[2025-02-04 02:10:09] local.INFO: Chamou o countActive  
[2025-02-04 02:10:09] local.INFO: Vai retornar o quarto como vago, quarto: {"id":1,"capacity":3,"price_for_night":30,"busy":1,"number_room":"1","created_at":"2025-02-04T02:04:42.000000Z","updated_at":"2025-02-04T02:09:15.000000Z"}  
[2025-02-04 02:10:09] local.INFO: Quarto pós update  
[2025-02-04 02:10:09] local.INFO: {"id":1,"customer_id":1,"customer":"Laura Refosco","number_room":"1","start_period":"2023-01-30","end_period":"2024-01-30","active":0,"created_at":"2025-02-04T02:05:37.000000Z","updated_at":"2025-02-04T02:09:15.000000Z"}  
[2025-02-04 02:10:09] local.INFO: Chamou o countActive  
[2025-02-04 02:10:09] local.INFO: Vai retornar o quarto como vago, quarto: {"id":1,"capacity":"4","price_for_night":30,"busy":0,"number_room":"1","created_at":"2025-02-04T02:04:42.000000Z","updated_at":"2025-02-04T02:10:09.000000Z"}  
[2025-02-04 02:10:09] local.INFO: Quarto pós update  
[2025-02-04 02:10:09] local.INFO: {"id":2,"customer_id":3,"customer":"Jo\u00e3o Lodi","number_room":"1","start_period":"2023-01-30","end_period":"2024-01-30","active":0,"created_at":"2025-02-04T02:05:37.000000Z","updated_at":"2025-02-04T02:10:05.000000Z"}  
[2025-02-04 02:10:09] local.INFO: Chamou o countActive  
[2025-02-04 02:10:09] local.INFO: Vai retornar o quarto como vago, quarto: {"id":1,"capacity":"4","price_for_night":30,"busy":0,"number_room":"1","created_at":"2025-02-04T02:04:42.000000Z","updated_at":"2025-02-04T02:10:09.000000Z"}  
[2025-02-04 02:10:09] local.INFO: Quarto pós update  
[2025-02-04 02:10:09] local.INFO: {"id":3,"customer_id":4,"customer":"Jo\u00e3o Lodi","number_room":"1","start_period":"2023-01-30","end_period":"2024-01-30","active":1,"created_at":"2025-02-04T02:05:38.000000Z","updated_at":"2025-02-04T02:05:38.000000Z"}  
[2025-02-04 02:10:09] local.INFO: Chamou o countActive  
[2025-02-04 02:10:09] local.INFO: Vai retornar o quarto como vago, quarto: {"id":1,"capacity":"4","price_for_night":30,"busy":0,"number_room":"1","created_at":"2025-02-04T02:04:42.000000Z","updated_at":"2025-02-04T02:10:09.000000Z"}  
[2025-02-04 02:10:09] local.INFO: Quarto pós update  
[2025-02-04 02:10:09] local.INFO: {"id":4,"customer_id":2,"customer":"Gabriel Refosco","number_room":"1","start_period":"2023-01-30","end_period":"2024-01-30","active":0,"created_at":"2025-02-04T02:05:49.000000Z","updated_at":"2025-02-04T02:09:53.000000Z"}  
